Analysis & Synthesis report for Adder
Tue May 09 23:52:24 2023
Quartus Prime Version 19.1.0 Build 670 09/22/2019 SJ Lite Edition


---------------------
; Table of Contents ;
---------------------
  1. Legal Notice
  2. Analysis & Synthesis Summary
  3. Analysis & Synthesis Settings
  4. Parallel Compilation
  5. Analysis & Synthesis Source Files Read
  6. Analysis & Synthesis Resource Usage Summary
  7. Analysis & Synthesis Resource Utilization by Entity
  8. General Register Statistics
  9. Multiplexer Restructuring Statistics (Restructuring Performed)
 10. Port Connectivity Checks: "FA2:fAdder2|FullAdder1:fa3"
 11. Port Connectivity Checks: "FA2:fAdder2|FullAdder1:fa2"
 12. Port Connectivity Checks: "FA2:fAdder2|FullAdder1:fa1"
 13. Port Connectivity Checks: "FA2:fAdder2|FullAdder1:fa0"
 14. Port Connectivity Checks: "FA1:fAdder1|FullAdder1:fa3"
 15. Port Connectivity Checks: "FA1:fAdder1|FullAdder1:fa2"
 16. Port Connectivity Checks: "FA1:fAdder1|FullAdder1:fa1"
 17. Port Connectivity Checks: "FA1:fAdder1|FullAdder1:fa0"
 18. Analysis & Synthesis Messages



----------------
; Legal Notice ;
----------------
Copyright (C) 2019  Intel Corporation. All rights reserved.
Your use of Intel Corporation's design tools, logic functions 
and other software and tools, and any partner logic 
functions, and any output files from any of the foregoing 
(including device programming or simulation files), and any 
associated documentation or information are expressly subject 
to the terms and conditions of the Intel Program License 
Subscription Agreement, the Intel Quartus Prime License Agreement,
the Intel FPGA IP License Agreement, or other applicable license
agreement, including, without limitation, that your use is for
the sole purpose of programming logic devices manufactured by
Intel and sold by Intel or its authorized distributors.  Please
refer to the applicable agreement for further details, at
https://fpgasoftware.intel.com/eula.



+---------------------------------------------------------------------------+
; Analysis & Synthesis Summary                                              ;
+-----------------------------+---------------------------------------------+
; Analysis & Synthesis Status ; Successful - Tue May 09 23:52:24 2023       ;
; Quartus Prime Version       ; 19.1.0 Build 670 09/22/2019 SJ Lite Edition ;
; Revision Name               ; Adder                                       ;
; Top-level Entity Name       ; Adder                                       ;
; Family                      ; MAX II                                      ;
; Total logic elements        ; 36                                          ;
; Total pins                  ; 17                                          ;
; Total virtual pins          ; 0                                           ;
; UFM blocks                  ; 0 / 1 ( 0 % )                               ;
+-----------------------------+---------------------------------------------+


+------------------------------------------------------------------------------------------------------------+
; Analysis & Synthesis Settings                                                                              ;
+------------------------------------------------------------------+--------------------+--------------------+
; Option                                                           ; Setting            ; Default Value      ;
+------------------------------------------------------------------+--------------------+--------------------+
; Device                                                           ; EPM240T100C5       ;                    ;
; Top-level entity name                                            ; Adder              ; Adder              ;
; Family name                                                      ; MAX II             ; Cyclone V          ;
; Use smart compilation                                            ; Off                ; Off                ;
; Enable parallel Assembler and Timing Analyzer during compilation ; On                 ; On                 ;
; Enable compact report table                                      ; Off                ; Off                ;
; Restructure Multiplexers                                         ; Auto               ; Auto               ;
; Create Debugging Nodes for IP Cores                              ; Off                ; Off                ;
; Preserve fewer node names                                        ; On                 ; On                 ;
; Intel FPGA IP Evaluation Mode                                    ; Enable             ; Enable             ;
; Verilog Version                                                  ; Verilog_2001       ; Verilog_2001       ;
; VHDL Version                                                     ; VHDL_1993          ; VHDL_1993          ;
; State Machine Processing                                         ; Auto               ; Auto               ;
; Safe State Machine                                               ; Off                ; Off                ;
; Extract Verilog State Machines                                   ; On                 ; On                 ;
; Extract VHDL State Machines                                      ; On                 ; On                 ;
; Ignore Verilog initial constructs                                ; Off                ; Off                ;
; Iteration limit for constant Verilog loops                       ; 5000               ; 5000               ;
; Iteration limit for non-constant Verilog loops                   ; 250                ; 250                ;
; Add Pass-Through Logic to Inferred RAMs                          ; On                 ; On                 ;
; Infer RAMs from Raw Logic                                        ; On                 ; On                 ;
; Parallel Synthesis                                               ; On                 ; On                 ;
; NOT Gate Push-Back                                               ; On                 ; On                 ;
; Power-Up Don't Care                                              ; On                 ; On                 ;
; Remove Redundant Logic Cells                                     ; Off                ; Off                ;
; Remove Duplicate Registers                                       ; On                 ; On                 ;
; Ignore CARRY Buffers                                             ; Off                ; Off                ;
; Ignore CASCADE Buffers                                           ; Off                ; Off                ;
; Ignore GLOBAL Buffers                                            ; Off                ; Off                ;
; Ignore ROW GLOBAL Buffers                                        ; Off                ; Off                ;
; Ignore LCELL Buffers                                             ; Off                ; Off                ;
; Ignore SOFT Buffers                                              ; On                 ; On                 ;
; Limit AHDL Integers to 32 Bits                                   ; Off                ; Off                ;
; Optimization Technique                                           ; Balanced           ; Balanced           ;
; Carry Chain Length                                               ; 70                 ; 70                 ;
; Auto Carry Chains                                                ; On                 ; On                 ;
; Auto Open-Drain Pins                                             ; On                 ; On                 ;
; Perform WYSIWYG Primitive Resynthesis                            ; Off                ; Off                ;
; Auto Shift Register Replacement                                  ; Auto               ; Auto               ;
; Allow Shift Register Merging across Hierarchies                  ; Auto               ; Auto               ;
; Auto Clock Enable Replacement                                    ; On                 ; On                 ;
; Allow Synchronous Control Signals                                ; On                 ; On                 ;
; Force Use of Synchronous Clear Signals                           ; Off                ; Off                ;
; Auto Resource Sharing                                            ; Off                ; Off                ;
; Use LogicLock Constraints during Resource Balancing              ; On                 ; On                 ;
; Ignore translate_off and synthesis_off directives                ; Off                ; Off                ;
; Report Parameter Settings                                        ; On                 ; On                 ;
; Report Source Assignments                                        ; On                 ; On                 ;
; Report Connectivity Checks                                       ; On                 ; On                 ;
; Ignore Maximum Fan-Out Assignments                               ; Off                ; Off                ;
; Synchronization Register Chain Length                            ; 2                  ; 2                  ;
; Power Optimization During Synthesis                              ; Normal compilation ; Normal compilation ;
; HDL message level                                                ; Level2             ; Level2             ;
; Suppress Register Optimization Related Messages                  ; Off                ; Off                ;
; Number of Removed Registers Reported in Synthesis Report         ; 5000               ; 5000               ;
; Number of Swept Nodes Reported in Synthesis Report               ; 5000               ; 5000               ;
; Number of Inverted Registers Reported in Synthesis Report        ; 100                ; 100                ;
; Clock MUX Protection                                             ; On                 ; On                 ;
; Block Design Naming                                              ; Auto               ; Auto               ;
; Synthesis Effort                                                 ; Auto               ; Auto               ;
; Shift Register Replacement - Allow Asynchronous Clear Signal     ; On                 ; On                 ;
; Analysis & Synthesis Message Level                               ; Medium             ; Medium             ;
; Disable Register Merging Across Hierarchies                      ; Auto               ; Auto               ;
+------------------------------------------------------------------+--------------------+--------------------+


+------------------------------------------+
; Parallel Compilation                     ;
+----------------------------+-------------+
; Processors                 ; Number      ;
+----------------------------+-------------+
; Number detected on machine ; 20          ;
; Maximum allowed            ; 14          ;
;                            ;             ;
; Average used               ; 1.00        ;
; Maximum used               ; 1           ;
;                            ;             ;
; Usage by Processor         ; % Time Used ;
;     Processor 1            ; 100.0%      ;
+----------------------------+-------------+


+---------------------------------------------------------------------------------------------------------------+
; Analysis & Synthesis Source Files Read                                                                        ;
+----------------------------------+-----------------+-----------------+------------------------------+---------+
; File Name with User-Entered Path ; Used in Netlist ; File Type       ; File Name with Absolute Path ; Library ;
+----------------------------------+-----------------+-----------------+------------------------------+---------+
; Adder.vhd                        ; yes             ; User VHDL File  ; D:/VHDL/ADDER/Adder.vhd      ;         ;
; FA1.vhd                          ; yes             ; User VHDL File  ; D:/VHDL/ADDER/FA1.vhd        ;         ;
; FA2.vhd                          ; yes             ; User VHDL File  ; D:/VHDL/ADDER/FA2.vhd        ;         ;
; FA3.vhd                          ; yes             ; User VHDL File  ; D:/VHDL/ADDER/FA3.vhd        ;         ;
; HalfAdder1.vhd                   ; yes             ; User VHDL File  ; D:/VHDL/ADDER/HalfAdder1.vhd ;         ;
; FullAdder1.vhd                   ; yes             ; User VHDL File  ; D:/VHDL/ADDER/FullAdder1.vhd ;         ;
+----------------------------------+-----------------+-----------------+------------------------------+---------+


+--------------------------------------------------------+
; Analysis & Synthesis Resource Usage Summary            ;
+---------------------------------------------+----------+
; Resource                                    ; Usage    ;
+---------------------------------------------+----------+
; Total logic elements                        ; 36       ;
;     -- Combinational with no register       ; 34       ;
;     -- Register only                        ; 0        ;
;     -- Combinational with a register        ; 2        ;
;                                             ;          ;
; Logic element usage by number of LUT inputs ;          ;
;     -- 4 input functions                    ; 16       ;
;     -- 3 input functions                    ; 10       ;
;     -- 2 input functions                    ; 7        ;
;     -- 1 input functions                    ; 3        ;
;     -- 0 input functions                    ; 0        ;
;                                             ;          ;
; Logic elements by mode                      ;          ;
;     -- normal mode                          ; 31       ;
;     -- arithmetic mode                      ; 5        ;
;     -- qfbk mode                            ; 0        ;
;     -- register cascade mode                ; 0        ;
;     -- synchronous clear/load mode          ; 0        ;
;     -- asynchronous clear/load mode         ; 0        ;
;                                             ;          ;
; Total registers                             ; 2        ;
; Total logic cells in carry chains           ; 6        ;
; I/O pins                                    ; 17       ;
; Maximum fan-out node                        ; imode[1] ;
; Maximum fan-out                             ; 9        ;
; Total fan-out                               ; 120      ;
; Average fan-out                             ; 2.26     ;
+---------------------------------------------+----------+


+-----------------------------------------------------------------------------------------------------------------------------------------------------------------------------------------------------------------------------------------------------------------+
; Analysis & Synthesis Resource Utilization by Entity                                                                                                                                                                                                             ;
+----------------------------+-------------+--------------+------------+------+--------------+--------------+-------------------+------------------+-----------------+------------+--------------------------------------------------+-------------+--------------+
; Compilation Hierarchy Node ; Logic Cells ; LC Registers ; UFM Blocks ; Pins ; Virtual Pins ; LUT-Only LCs ; Register-Only LCs ; LUT/Register LCs ; Carry Chain LCs ; Packed LCs ; Full Hierarchy Name                              ; Entity Name ; Library Name ;
+----------------------------+-------------+--------------+------------+------+--------------+--------------+-------------------+------------------+-----------------+------------+--------------------------------------------------+-------------+--------------+
; |Adder                     ; 36 (2)      ; 2            ; 0          ; 17   ; 0            ; 34 (0)       ; 0 (0)             ; 2 (2)            ; 6 (0)           ; 0 (0)      ; |Adder                                           ; Adder       ; work         ;
;    |FA1:fAdder1|           ; 4 (0)       ; 0            ; 0          ; 0    ; 0            ; 4 (0)        ; 0 (0)             ; 0 (0)            ; 0 (0)           ; 0 (0)      ; |Adder|FA1:fAdder1                               ; FA1         ; work         ;
;       |FullAdder1:fa0|     ; 1 (0)       ; 0            ; 0          ; 0    ; 0            ; 1 (0)        ; 0 (0)             ; 0 (0)            ; 0 (0)           ; 0 (0)      ; |Adder|FA1:fAdder1|FullAdder1:fa0                ; FullAdder1  ; work         ;
;          |HalfAdder1:ha2|  ; 1 (1)       ; 0            ; 0          ; 0    ; 0            ; 1 (1)        ; 0 (0)             ; 0 (0)            ; 0 (0)           ; 0 (0)      ; |Adder|FA1:fAdder1|FullAdder1:fa0|HalfAdder1:ha2 ; HalfAdder1  ; work         ;
;       |FullAdder1:fa1|     ; 2 (2)       ; 0            ; 0          ; 0    ; 0            ; 2 (2)        ; 0 (0)             ; 0 (0)            ; 0 (0)           ; 0 (0)      ; |Adder|FA1:fAdder1|FullAdder1:fa1                ; FullAdder1  ; work         ;
;       |FullAdder1:fa2|     ; 1 (1)       ; 0            ; 0          ; 0    ; 0            ; 1 (1)        ; 0 (0)             ; 0 (0)            ; 0 (0)           ; 0 (0)      ; |Adder|FA1:fAdder1|FullAdder1:fa2                ; FullAdder1  ; work         ;
;    |FA2:fAdder2|           ; 9 (0)       ; 0            ; 0          ; 0    ; 0            ; 9 (0)        ; 0 (0)             ; 0 (0)            ; 0 (0)           ; 0 (0)      ; |Adder|FA2:fAdder2                               ; FA2         ; work         ;
;       |Advanced:ad|        ; 4 (4)       ; 0            ; 0          ; 0    ; 0            ; 4 (4)        ; 0 (0)             ; 0 (0)            ; 0 (0)           ; 0 (0)      ; |Adder|FA2:fAdder2|Advanced:ad                   ; Advanced    ; work         ;
;       |FullAdder1:fa1|     ; 2 (0)       ; 0            ; 0          ; 0    ; 0            ; 2 (0)        ; 0 (0)             ; 0 (0)            ; 0 (0)           ; 0 (0)      ; |Adder|FA2:fAdder2|FullAdder1:fa1                ; FullAdder1  ; work         ;
;          |HalfAdder1:ha1|  ; 1 (1)       ; 0            ; 0          ; 0    ; 0            ; 1 (1)        ; 0 (0)             ; 0 (0)            ; 0 (0)           ; 0 (0)      ; |Adder|FA2:fAdder2|FullAdder1:fa1|HalfAdder1:ha1 ; HalfAdder1  ; work         ;
;          |HalfAdder1:ha2|  ; 1 (1)       ; 0            ; 0          ; 0    ; 0            ; 1 (1)        ; 0 (0)             ; 0 (0)            ; 0 (0)           ; 0 (0)      ; |Adder|FA2:fAdder2|FullAdder1:fa1|HalfAdder1:ha2 ; HalfAdder1  ; work         ;
;       |FullAdder1:fa2|     ; 1 (0)       ; 0            ; 0          ; 0    ; 0            ; 1 (0)        ; 0 (0)             ; 0 (0)            ; 0 (0)           ; 0 (0)      ; |Adder|FA2:fAdder2|FullAdder1:fa2                ; FullAdder1  ; work         ;
;          |HalfAdder1:ha1|  ; 1 (1)       ; 0            ; 0          ; 0    ; 0            ; 1 (1)        ; 0 (0)             ; 0 (0)            ; 0 (0)           ; 0 (0)      ; |Adder|FA2:fAdder2|FullAdder1:fa2|HalfAdder1:ha1 ; HalfAdder1  ; work         ;
;       |FullAdder1:fa3|     ; 2 (0)       ; 0            ; 0          ; 0    ; 0            ; 2 (0)        ; 0 (0)             ; 0 (0)            ; 0 (0)           ; 0 (0)      ; |Adder|FA2:fAdder2|FullAdder1:fa3                ; FullAdder1  ; work         ;
;          |HalfAdder1:ha1|  ; 1 (1)       ; 0            ; 0          ; 0    ; 0            ; 1 (1)        ; 0 (0)             ; 0 (0)            ; 0 (0)           ; 0 (0)      ; |Adder|FA2:fAdder2|FullAdder1:fa3|HalfAdder1:ha1 ; HalfAdder1  ; work         ;
;          |HalfAdder1:ha2|  ; 1 (1)       ; 0            ; 0          ; 0    ; 0            ; 1 (1)        ; 0 (0)             ; 0 (0)            ; 0 (0)           ; 0 (0)      ; |Adder|FA2:fAdder2|FullAdder1:fa3|HalfAdder1:ha2 ; HalfAdder1  ; work         ;
;    |FA3:fAdder3|           ; 21 (21)     ; 0            ; 0          ; 0    ; 0            ; 21 (21)      ; 0 (0)             ; 0 (0)            ; 6 (6)           ; 0 (0)      ; |Adder|FA3:fAdder3                               ; FA3         ; work         ;
+----------------------------+-------------+--------------+------------+------+--------------+--------------+-------------------+------------------+-----------------+------------+--------------------------------------------------+-------------+--------------+
Note: For table entries with two numbers listed, the numbers in parentheses indicate the number of resources of the given type used by the specific entity alone. The numbers listed outside of parentheses indicate the total resources of the given type used by the specific entity and all of its sub-entities in the hierarchy.


+------------------------------------------------------+
; General Register Statistics                          ;
+----------------------------------------------+-------+
; Statistic                                    ; Value ;
+----------------------------------------------+-------+
; Total registers                              ; 2     ;
; Number of registers using Synchronous Clear  ; 0     ;
; Number of registers using Synchronous Load   ; 0     ;
; Number of registers using Asynchronous Clear ; 0     ;
; Number of registers using Asynchronous Load  ; 0     ;
; Number of registers using Clock Enable       ; 0     ;
; Number of registers using Preset             ; 0     ;
+----------------------------------------------+-------+


+------------------------------------------------------------------------------------------------------------------------------------------+
; Multiplexer Restructuring Statistics (Restructuring Performed)                                                                           ;
+--------------------+-----------+---------------+----------------------+------------------------+------------+----------------------------+
; Multiplexer Inputs ; Bus Width ; Baseline Area ; Area if Restructured ; Saving if Restructured ; Registered ; Example Multiplexer Output ;
+--------------------+-----------+---------------+----------------------+------------------------+------------+----------------------------+
; 3:1                ; 5 bits    ; 10 LEs        ; 10 LEs               ; 0 LEs                  ; No         ; |Adder|f                   ;
+--------------------+-----------+---------------+----------------------+------------------------+------------+----------------------------+


+----------------------------------------------------------------------------------------------------------------+
; Port Connectivity Checks: "FA2:fAdder2|FullAdder1:fa3"                                                         ;
+------+--------+----------+-------------------------------------------------------------------------------------+
; Port ; Type   ; Severity ; Details                                                                             ;
+------+--------+----------+-------------------------------------------------------------------------------------+
; cout ; Output ; Info     ; Connected to dangling logic. Logic that only feeds a dangling port will be removed. ;
+------+--------+----------+-------------------------------------------------------------------------------------+


+----------------------------------------------------------------------------------------------------------------+
; Port Connectivity Checks: "FA2:fAdder2|FullAdder1:fa2"                                                         ;
+------+--------+----------+-------------------------------------------------------------------------------------+
; Port ; Type   ; Severity ; Details                                                                             ;
+------+--------+----------+-------------------------------------------------------------------------------------+
; cout ; Output ; Info     ; Connected to dangling logic. Logic that only feeds a dangling port will be removed. ;
+------+--------+----------+-------------------------------------------------------------------------------------+


+----------------------------------------------------------------------------------------------------------------+
; Port Connectivity Checks: "FA2:fAdder2|FullAdder1:fa1"                                                         ;
+------+--------+----------+-------------------------------------------------------------------------------------+
; Port ; Type   ; Severity ; Details                                                                             ;
+------+--------+----------+-------------------------------------------------------------------------------------+
; cout ; Output ; Info     ; Connected to dangling logic. Logic that only feeds a dangling port will be removed. ;
+------+--------+----------+-------------------------------------------------------------------------------------+


+----------------------------------------------------------------------------------------------------------------+
; Port Connectivity Checks: "FA2:fAdder2|FullAdder1:fa0"                                                         ;
+------+--------+----------+-------------------------------------------------------------------------------------+
; Port ; Type   ; Severity ; Details                                                                             ;
+------+--------+----------+-------------------------------------------------------------------------------------+
; cout ; Output ; Info     ; Connected to dangling logic. Logic that only feeds a dangling port will be removed. ;
+------+--------+----------+-------------------------------------------------------------------------------------+


+-------------------------------------------------------------------------------------------------------------------------------------+
; Port Connectivity Checks: "FA1:fAdder1|FullAdder1:fa3"                                                                              ;
+------+--------+----------+----------------------------------------------------------------------------------------------------------+
; Port ; Type   ; Severity ; Details                                                                                                  ;
+------+--------+----------+----------------------------------------------------------------------------------------------------------+
; p    ; Output ; Warning  ; Declared by entity but not connected by instance. Logic that only feeds a dangling port will be removed. ;
; g    ; Output ; Warning  ; Declared by entity but not connected by instance. Logic that only feeds a dangling port will be removed. ;
+------+--------+----------+----------------------------------------------------------------------------------------------------------+


+-------------------------------------------------------------------------------------------------------------------------------------+
; Port Connectivity Checks: "FA1:fAdder1|FullAdder1:fa2"                                                                              ;
+------+--------+----------+----------------------------------------------------------------------------------------------------------+
; Port ; Type   ; Severity ; Details                                                                                                  ;
+------+--------+----------+----------------------------------------------------------------------------------------------------------+
; p    ; Output ; Warning  ; Declared by entity but not connected by instance. Logic that only feeds a dangling port will be removed. ;
; g    ; Output ; Warning  ; Declared by entity but not connected by instance. Logic that only feeds a dangling port will be removed. ;
+------+--------+----------+----------------------------------------------------------------------------------------------------------+


+-------------------------------------------------------------------------------------------------------------------------------------+
; Port Connectivity Checks: "FA1:fAdder1|FullAdder1:fa1"                                                                              ;
+------+--------+----------+----------------------------------------------------------------------------------------------------------+
; Port ; Type   ; Severity ; Details                                                                                                  ;
+------+--------+----------+----------------------------------------------------------------------------------------------------------+
; p    ; Output ; Warning  ; Declared by entity but not connected by instance. Logic that only feeds a dangling port will be removed. ;
; g    ; Output ; Warning  ; Declared by entity but not connected by instance. Logic that only feeds a dangling port will be removed. ;
+------+--------+----------+----------------------------------------------------------------------------------------------------------+


+-------------------------------------------------------------------------------------------------------------------------------------+
; Port Connectivity Checks: "FA1:fAdder1|FullAdder1:fa0"                                                                              ;
+------+--------+----------+----------------------------------------------------------------------------------------------------------+
; Port ; Type   ; Severity ; Details                                                                                                  ;
+------+--------+----------+----------------------------------------------------------------------------------------------------------+
; p    ; Output ; Warning  ; Declared by entity but not connected by instance. Logic that only feeds a dangling port will be removed. ;
; g    ; Output ; Warning  ; Declared by entity but not connected by instance. Logic that only feeds a dangling port will be removed. ;
+------+--------+----------+----------------------------------------------------------------------------------------------------------+


+-------------------------------+
; Analysis & Synthesis Messages ;
+-------------------------------+
Info: *******************************************************************
Info: Running Quartus Prime Analysis & Synthesis
    Info: Version 19.1.0 Build 670 09/22/2019 SJ Lite Edition
    Info: Processing started: Tue May 09 23:52:19 2023
Info: Command: quartus_map --read_settings_files=on --write_settings_files=off Adder -c Adder
Warning (18236): Number of processors has not been specified which may cause overloading on shared machines.  Set the global assignment NUM_PARALLEL_PROCESSORS in your QSF to an appropriate value for best performance.
Info (20030): Parallel compilation is enabled and will use 14 of the 14 processors detected
Info (12021): Found 2 design units, including 1 entities, in source file adder.vhd
    Info (12022): Found design unit 1: Adder-dataflow File: D:/VHDL/ADDER/Adder.vhd Line: 17
    Info (12023): Found entity 1: Adder File: D:/VHDL/ADDER/Adder.vhd Line: 5
Info (12021): Found 2 design units, including 1 entities, in source file fa1.vhd
    Info (12022): Found design unit 1: FA1-plus File: D:/VHDL/ADDER/FA1.vhd Line: 13
    Info (12023): Found entity 1: FA1 File: D:/VHDL/ADDER/FA1.vhd Line: 4
Info (12021): Found 4 design units, including 2 entities, in source file fa2.vhd
    Info (12022): Found design unit 1: FA2-plus File: D:/VHDL/ADDER/FA2.vhd Line: 13
    Info (12022): Found design unit 2: Advanced-ad File: D:/VHDL/ADDER/FA2.vhd Line: 52
    Info (12023): Found entity 1: FA2 File: D:/VHDL/ADDER/FA2.vhd Line: 4
    Info (12023): Found entity 2: Advanced File: D:/VHDL/ADDER/FA2.vhd Line: 44
Info (12021): Found 2 design units, including 1 entities, in source file fa3.vhd
    Info (12022): Found design unit 1: FA3-plus File: D:/VHDL/ADDER/FA3.vhd Line: 15
    Info (12023): Found entity 1: FA3 File: D:/VHDL/ADDER/FA3.vhd Line: 6
Info (12021): Found 2 design units, including 1 entities, in source file halfadder1.vhd
    Info (12022): Found design unit 1: HalfAdder1-plus File: D:/VHDL/ADDER/HalfAdder1.vhd Line: 11
    Info (12023): Found entity 1: HalfAdder1 File: D:/VHDL/ADDER/HalfAdder1.vhd Line: 4
Info (12021): Found 2 design units, including 1 entities, in source file fulladder1.vhd
    Info (12022): Found design unit 1: FullAdder1-plus File: D:/VHDL/ADDER/FullAdder1.vhd Line: 12
    Info (12023): Found entity 1: FullAdder1 File: D:/VHDL/ADDER/FullAdder1.vhd Line: 4
Info (12127): Elaborating entity "Adder" for the top level hierarchy
Info (12128): Elaborating entity "FA1" for hierarchy "FA1:fAdder1" File: D:/VHDL/ADDER/Adder.vhd Line: 52
Info (12128): Elaborating entity "FullAdder1" for hierarchy "FA1:fAdder1|FullAdder1:fa0" File: D:/VHDL/ADDER/FA1.vhd Line: 22
Info (12128): Elaborating entity "HalfAdder1" for hierarchy "FA1:fAdder1|FullAdder1:fa0|HalfAdder1:ha1" File: D:/VHDL/ADDER/FullAdder1.vhd Line: 21
Info (12128): Elaborating entity "FA2" for hierarchy "FA2:fAdder2" File: D:/VHDL/ADDER/Adder.vhd Line: 53
Info (12128): Elaborating entity "Advanced" for hierarchy "FA2:fAdder2|Advanced:ad" File: D:/VHDL/ADDER/FA2.vhd Line: 36
Info (12128): Elaborating entity "FA3" for hierarchy "FA3:fAdder3" File: D:/VHDL/ADDER/Adder.vhd Line: 54
Warning (12241): 4 hierarchies have connectivity warnings - see the Connectivity Checks report folder
Info (21057): Implemented 53 device resources after synthesis - the final resource count might be different
    Info (21058): Implemented 10 input pins
    Info (21059): Implemented 7 output pins
    Info (21061): Implemented 36 logic cells
Info: Quartus Prime Analysis & Synthesis was successful. 0 errors, 2 warnings
    Info: Peak virtual memory: 4763 megabytes
    Info: Processing ended: Tue May 09 23:52:24 2023
    Info: Elapsed time: 00:00:05
    Info: Total CPU time (on all processors): 00:00:04


