Flow report for counter64
Wed Jun 07 15:35:14 2023
Quartus Prime Version 19.1.0 Build 670 09/22/2019 SJ Lite Edition


---------------------
; Table of Contents ;
---------------------
  1. Legal Notice
  2. Flow Summary
  3. Flow Settings
  4. Flow Non-Default Global Settings
  5. Flow Elapsed Time
  6. Flow OS Summary
  7. Flow Log
  8. Flow Messages
  9. Flow Suppressed Messages



----------------
; Legal Notice ;
----------------
Copyright (C) 2019  Intel Corporation. All rights reserved.
Your use of Intel Corporation's design tools, logic functions 
and other software and tools, and any partner logic 
functions, and any output files from any of the foregoing 
(including device programming or simulation files), and any 
associated documentation or information are expressly subject 
to the terms and conditions of the Intel Program License 
Subscription Agreement, the Intel Quartus Prime License Agreement,
the Intel FPGA IP License Agreement, or other applicable license
agreement, including, without limitation, that your use is for
the sole purpose of programming logic devices manufactured by
Intel and sold by Intel or its authorized distributors.  Please
refer to the applicable agreement for further details, at
https://fpgasoftware.intel.com/eula.



+---------------------------------------------------------------------+
; Flow Summary                                                        ;
+-----------------------+---------------------------------------------+
; Flow Status           ; Successful - Wed Jun 07 15:35:14 2023       ;
; Quartus Prime Version ; 19.1.0 Build 670 09/22/2019 SJ Lite Edition ;
; Revision Name         ; counter64                                   ;
; Top-level Entity Name ; counter64                                   ;
; Family                ; MAX II                                      ;
; Device                ; EPM240T100C5                                ;
; Timing Models         ; Final                                       ;
; Total logic elements  ; 13 / 240 ( 5 % )                            ;
; Total pins            ; 9 / 80 ( 11 % )                             ;
; Total virtual pins    ; 0                                           ;
; UFM blocks            ; 0 / 1 ( 0 % )                               ;
+-----------------------+---------------------------------------------+


+-----------------------------------------+
; Flow Settings                           ;
+-------------------+---------------------+
; Option            ; Setting             ;
+-------------------+---------------------+
; Start date & time ; 06/07/2023 15:34:01 ;
; Main task         ; Compilation         ;
; Revision Name     ; counter64           ;
+-------------------+---------------------+


+-------------------------------------------------------------------------------------------------------------------------------------------+
; Flow Non-Default Global Settings                                                                                                          ;
+---------------------------------------+---------------------------------+---------------+-------------+-----------------------------------+
; Assignment Name                       ; Value                           ; Default Value ; Entity Name ; Section Id                        ;
+---------------------------------------+---------------------------------+---------------+-------------+-----------------------------------+
; COMPILER_SIGNATURE_ID                 ; 176156945945052.168612324111944 ; --            ; --          ; --                                ;
; EDA_GENERATE_FUNCTIONAL_NETLIST       ; Off                             ; --            ; --          ; eda_board_design_timing           ;
; EDA_GENERATE_FUNCTIONAL_NETLIST       ; Off                             ; --            ; --          ; eda_board_design_boundary_scan    ;
; EDA_GENERATE_FUNCTIONAL_NETLIST       ; Off                             ; --            ; --          ; eda_board_design_signal_integrity ;
; EDA_GENERATE_FUNCTIONAL_NETLIST       ; Off                             ; --            ; --          ; eda_board_design_symbol           ;
; EDA_OUTPUT_DATA_FORMAT                ; Vhdl                            ; --            ; --          ; eda_simulation                    ;
; EDA_SIMULATION_TOOL                   ; ModelSim-Altera (VHDL)          ; <None>        ; --          ; --                                ;
; EDA_TIME_SCALE                        ; 1 ps                            ; --            ; --          ; eda_simulation                    ;
; MAX_CORE_JUNCTION_TEMP                ; 85                              ; --            ; --          ; --                                ;
; MIN_CORE_JUNCTION_TEMP                ; 0                               ; --            ; --          ; --                                ;
; POWER_EXT_SUPPLY_VOLTAGE_TO_REGULATOR ; 3.3V                            ; --            ; --          ; --                                ;
; PROJECT_OUTPUT_DIRECTORY              ; output_files                    ; --            ; --          ; --                                ;
+---------------------------------------+---------------------------------+---------------+-------------+-----------------------------------+


+--------------------------------------------------------------------------------------------------------------------------+
; Flow Elapsed Time                                                                                                        ;
+----------------------+--------------+-------------------------+---------------------+------------------------------------+
; Module Name          ; Elapsed Time ; Average Processors Used ; Peak Virtual Memory ; Total CPU Time (on all processors) ;
+----------------------+--------------+-------------------------+---------------------+------------------------------------+
; Analysis & Synthesis ; 00:00:05     ; 1.0                     ; 4763 MB             ; 00:00:04                           ;
; Fitter               ; 00:00:01     ; 1.0                     ; 6021 MB             ; 00:00:00                           ;
; Assembler            ; 00:00:00     ; 1.0                     ; 4663 MB             ; 00:00:00                           ;
; Timing Analyzer      ; 00:00:00     ; 1.0                     ; 4679 MB             ; 00:00:00                           ;
; EDA Netlist Writer   ; 00:00:00     ; 1.0                     ; 4624 MB             ; 00:00:00                           ;
; EDA Netlist Writer   ; 00:00:00     ; 1.0                     ; 4613 MB             ; 00:00:00                           ;
; EDA Netlist Writer   ; 00:00:01     ; 1.0                     ; 4622 MB             ; 00:00:00                           ;
; Total                ; 00:00:07     ; --                      ; --                  ; 00:00:04                           ;
+----------------------+--------------+-------------------------+---------------------+------------------------------------+


+------------------------------------------------------------------------------------+
; Flow OS Summary                                                                    ;
+----------------------+------------------+------------+------------+----------------+
; Module Name          ; Machine Hostname ; OS Name    ; OS Version ; Processor type ;
+----------------------+------------------+------------+------------+----------------+
; Analysis & Synthesis ; dghcs            ; Windows 10 ; 10.0       ; x86_64         ;
; Fitter               ; dghcs            ; Windows 10 ; 10.0       ; x86_64         ;
; Assembler            ; dghcs            ; Windows 10 ; 10.0       ; x86_64         ;
; Timing Analyzer      ; dghcs            ; Windows 10 ; 10.0       ; x86_64         ;
; EDA Netlist Writer   ; dghcs            ; Windows 10 ; 10.0       ; x86_64         ;
; EDA Netlist Writer   ; dghcs            ; Windows 10 ; 10.0       ; x86_64         ;
; EDA Netlist Writer   ; dghcs            ; Windows 10 ; 10.0       ; x86_64         ;
+----------------------+------------------+------------+------------+----------------+


------------
; Flow Log ;
------------
quartus_map --read_settings_files=on --write_settings_files=off counter64 -c counter64
quartus_fit --read_settings_files=off --write_settings_files=off counter64 -c counter64
quartus_asm --read_settings_files=off --write_settings_files=off counter64 -c counter64
quartus_sta counter64 -c counter64
quartus_eda --read_settings_files=off --write_settings_files=off counter64 -c counter64
quartus_eda --gen_testbench --tool=modelsim_oem --format=vhdl --write_settings_files=off counter64 -c counter64 --vector_source=D:/GitHub/VHDL2023/counter64/Waveform1.vwf --testbench_file=D:/GitHub/VHDL2023/counter64/simulation/qsim/Waveform1.vwf.vht
quartus_eda --write_settings_files=off --simulation=on --functional=on --flatten_buses=off --tool=modelsim_oem --format=vhdl --output_directory=D:/GitHub/VHDL2023/counter64/simulation/qsim/ counter64 -c counter64



