Analysis & Synthesis report for manualAdder
Fri Jun 09 01:43:54 2023
Quartus Prime Version 19.1.0 Build 670 09/22/2019 SJ Lite Edition


---------------------
; Table of Contents ;
---------------------
  1. Legal Notice
  2. Analysis & Synthesis Summary
  3. Analysis & Synthesis Settings
  4. Parallel Compilation
  5. Analysis & Synthesis Source Files Read
  6. Analysis & Synthesis Resource Usage Summary
  7. Analysis & Synthesis Resource Utilization by Entity
  8. Registers Removed During Synthesis
  9. General Register Statistics
 10. Inverted Register Statistics
 11. Multiplexer Restructuring Statistics (Restructuring Performed)
 12. Port Connectivity Checks: "output_transformer:out1|ntl:n1"
 13. Analysis & Synthesis Messages



----------------
; Legal Notice ;
----------------
Copyright (C) 2019  Intel Corporation. All rights reserved.
Your use of Intel Corporation's design tools, logic functions 
and other software and tools, and any partner logic 
functions, and any output files from any of the foregoing 
(including device programming or simulation files), and any 
associated documentation or information are expressly subject 
to the terms and conditions of the Intel Program License 
Subscription Agreement, the Intel Quartus Prime License Agreement,
the Intel FPGA IP License Agreement, or other applicable license
agreement, including, without limitation, that your use is for
the sole purpose of programming logic devices manufactured by
Intel and sold by Intel or its authorized distributors.  Please
refer to the applicable agreement for further details, at
https://fpgasoftware.intel.com/eula.



+---------------------------------------------------------------------------+
; Analysis & Synthesis Summary                                              ;
+-----------------------------+---------------------------------------------+
; Analysis & Synthesis Status ; Successful - Fri Jun 09 01:43:54 2023       ;
; Quartus Prime Version       ; 19.1.0 Build 670 09/22/2019 SJ Lite Edition ;
; Revision Name               ; manualAdder                                 ;
; Top-level Entity Name       ; manualAdder                                 ;
; Family                      ; MAX II                                      ;
; Total logic elements        ; 96                                          ;
; Total pins                  ; 17                                          ;
; Total virtual pins          ; 0                                           ;
; UFM blocks                  ; 0 / 1 ( 0 % )                               ;
+-----------------------------+---------------------------------------------+


+------------------------------------------------------------------------------------------------------------+
; Analysis & Synthesis Settings                                                                              ;
+------------------------------------------------------------------+--------------------+--------------------+
; Option                                                           ; Setting            ; Default Value      ;
+------------------------------------------------------------------+--------------------+--------------------+
; Device                                                           ; EPM240T100C5       ;                    ;
; Top-level entity name                                            ; manualAdder        ; manualAdder        ;
; Family name                                                      ; MAX II             ; Cyclone V          ;
; Use smart compilation                                            ; Off                ; Off                ;
; Enable parallel Assembler and Timing Analyzer during compilation ; On                 ; On                 ;
; Enable compact report table                                      ; Off                ; Off                ;
; Restructure Multiplexers                                         ; Auto               ; Auto               ;
; Create Debugging Nodes for IP Cores                              ; Off                ; Off                ;
; Preserve fewer node names                                        ; On                 ; On                 ;
; Intel FPGA IP Evaluation Mode                                    ; Enable             ; Enable             ;
; Verilog Version                                                  ; Verilog_2001       ; Verilog_2001       ;
; VHDL Version                                                     ; VHDL_1993          ; VHDL_1993          ;
; State Machine Processing                                         ; Auto               ; Auto               ;
; Safe State Machine                                               ; Off                ; Off                ;
; Extract Verilog State Machines                                   ; On                 ; On                 ;
; Extract VHDL State Machines                                      ; On                 ; On                 ;
; Ignore Verilog initial constructs                                ; Off                ; Off                ;
; Iteration limit for constant Verilog loops                       ; 5000               ; 5000               ;
; Iteration limit for non-constant Verilog loops                   ; 250                ; 250                ;
; Add Pass-Through Logic to Inferred RAMs                          ; On                 ; On                 ;
; Infer RAMs from Raw Logic                                        ; On                 ; On                 ;
; Parallel Synthesis                                               ; On                 ; On                 ;
; NOT Gate Push-Back                                               ; On                 ; On                 ;
; Power-Up Don't Care                                              ; On                 ; On                 ;
; Remove Redundant Logic Cells                                     ; Off                ; Off                ;
; Remove Duplicate Registers                                       ; On                 ; On                 ;
; Ignore CARRY Buffers                                             ; Off                ; Off                ;
; Ignore CASCADE Buffers                                           ; Off                ; Off                ;
; Ignore GLOBAL Buffers                                            ; Off                ; Off                ;
; Ignore ROW GLOBAL Buffers                                        ; Off                ; Off                ;
; Ignore LCELL Buffers                                             ; Off                ; Off                ;
; Ignore SOFT Buffers                                              ; On                 ; On                 ;
; Limit AHDL Integers to 32 Bits                                   ; Off                ; Off                ;
; Optimization Technique                                           ; Balanced           ; Balanced           ;
; Carry Chain Length                                               ; 70                 ; 70                 ;
; Auto Carry Chains                                                ; On                 ; On                 ;
; Auto Open-Drain Pins                                             ; On                 ; On                 ;
; Perform WYSIWYG Primitive Resynthesis                            ; Off                ; Off                ;
; Auto Shift Register Replacement                                  ; Auto               ; Auto               ;
; Allow Shift Register Merging across Hierarchies                  ; Auto               ; Auto               ;
; Auto Clock Enable Replacement                                    ; On                 ; On                 ;
; Allow Synchronous Control Signals                                ; On                 ; On                 ;
; Force Use of Synchronous Clear Signals                           ; Off                ; Off                ;
; Auto Resource Sharing                                            ; Off                ; Off                ;
; Use LogicLock Constraints during Resource Balancing              ; On                 ; On                 ;
; Ignore translate_off and synthesis_off directives                ; Off                ; Off                ;
; Report Parameter Settings                                        ; On                 ; On                 ;
; Report Source Assignments                                        ; On                 ; On                 ;
; Report Connectivity Checks                                       ; On                 ; On                 ;
; Ignore Maximum Fan-Out Assignments                               ; Off                ; Off                ;
; Synchronization Register Chain Length                            ; 2                  ; 2                  ;
; Power Optimization During Synthesis                              ; Normal compilation ; Normal compilation ;
; HDL message level                                                ; Level2             ; Level2             ;
; Suppress Register Optimization Related Messages                  ; Off                ; Off                ;
; Number of Removed Registers Reported in Synthesis Report         ; 5000               ; 5000               ;
; Number of Swept Nodes Reported in Synthesis Report               ; 5000               ; 5000               ;
; Number of Inverted Registers Reported in Synthesis Report        ; 100                ; 100                ;
; Clock MUX Protection                                             ; On                 ; On                 ;
; Block Design Naming                                              ; Auto               ; Auto               ;
; Synthesis Effort                                                 ; Auto               ; Auto               ;
; Shift Register Replacement - Allow Asynchronous Clear Signal     ; On                 ; On                 ;
; Analysis & Synthesis Message Level                               ; Medium             ; Medium             ;
; Disable Register Merging Across Hierarchies                      ; Auto               ; Auto               ;
+------------------------------------------------------------------+--------------------+--------------------+


+------------------------------------------+
; Parallel Compilation                     ;
+----------------------------+-------------+
; Processors                 ; Number      ;
+----------------------------+-------------+
; Number detected on machine ; 20          ;
; Maximum allowed            ; 14          ;
;                            ;             ;
; Average used               ; 1.00        ;
; Maximum used               ; 1           ;
;                            ;             ;
; Usage by Processor         ; % Time Used ;
;     Processor 1            ; 100.0%      ;
+----------------------------+-------------+


+--------------------------------------------------------------------------------------------------------------------------------------------------------+
; Analysis & Synthesis Source Files Read                                                                                                                 ;
+----------------------------------+-----------------+-----------------+-----------------------------------------------------------------------+---------+
; File Name with User-Entered Path ; Used in Netlist ; File Type       ; File Name with Absolute Path                                          ; Library ;
+----------------------------------+-----------------+-----------------+-----------------------------------------------------------------------+---------+
; manualAdder.vhd                  ; yes             ; User VHDL File  ; D:/GitHub/VHDL2023/manualAdder 2/manualAdder 2/manualAdder.vhd        ;         ;
; d_trigger.vhd                    ; yes             ; User VHDL File  ; D:/GitHub/VHDL2023/manualAdder 2/manualAdder 2/d_trigger.vhd          ;         ;
; output_transformer.vhd           ; yes             ; User VHDL File  ; D:/GitHub/VHDL2023/manualAdder 2/manualAdder 2/output_transformer.vhd ;         ;
; ntl.vhd                          ; yes             ; User VHDL File  ; D:/GitHub/VHDL2023/manualAdder 2/manualAdder 2/ntl.vhd                ;         ;
; counter_trigger.vhd              ; yes             ; User VHDL File  ; D:/GitHub/VHDL2023/manualAdder 2/manualAdder 2/counter_trigger.vhd    ;         ;
+----------------------------------+-----------------+-----------------+-----------------------------------------------------------------------+---------+


+-----------------------------------------------------+
; Analysis & Synthesis Resource Usage Summary         ;
+---------------------------------------------+-------+
; Resource                                    ; Usage ;
+---------------------------------------------+-------+
; Total logic elements                        ; 96    ;
;     -- Combinational with no register       ; 64    ;
;     -- Register only                        ; 13    ;
;     -- Combinational with a register        ; 19    ;
;                                             ;       ;
; Logic element usage by number of LUT inputs ;       ;
;     -- 4 input functions                    ; 32    ;
;     -- 3 input functions                    ; 6     ;
;     -- 2 input functions                    ; 32    ;
;     -- 1 input functions                    ; 13    ;
;     -- 0 input functions                    ; 0     ;
;                                             ;       ;
; Logic elements by mode                      ;       ;
;     -- normal mode                          ; 77    ;
;     -- arithmetic mode                      ; 19    ;
;     -- qfbk mode                            ; 0     ;
;     -- register cascade mode                ; 0     ;
;     -- synchronous clear/load mode          ; 0     ;
;     -- asynchronous clear/load mode         ; 31    ;
;                                             ;       ;
; Total registers                             ; 32    ;
; Total logic cells in carry chains           ; 20    ;
; I/O pins                                    ; 17    ;
; Maximum fan-out node                        ; rst   ;
; Maximum fan-out                             ; 31    ;
; Total fan-out                               ; 315   ;
; Average fan-out                             ; 2.79  ;
+---------------------------------------------+-------+


+---------------------------------------------------------------------------------------------------------------------------------------------------------------------------------------------------------------------------------------------------------------------+
; Analysis & Synthesis Resource Utilization by Entity                                                                                                                                                                                                                 ;
+------------------------------+-------------+--------------+------------+------+--------------+--------------+-------------------+------------------+-----------------+------------+---------------------------------------------+--------------------+--------------+
; Compilation Hierarchy Node   ; Logic Cells ; LC Registers ; UFM Blocks ; Pins ; Virtual Pins ; LUT-Only LCs ; Register-Only LCs ; LUT/Register LCs ; Carry Chain LCs ; Packed LCs ; Full Hierarchy Name                         ; Entity Name        ; Library Name ;
+------------------------------+-------------+--------------+------------+------+--------------+--------------+-------------------+------------------+-----------------+------------+---------------------------------------------+--------------------+--------------+
; |manualAdder                 ; 96 (2)      ; 32           ; 0          ; 17   ; 0            ; 64 (1)       ; 13 (0)            ; 19 (1)           ; 20 (0)          ; 0 (0)      ; |manualAdder                                ; manualAdder        ; work         ;
;    |counter_trigger:d1|      ; 49 (49)     ; 22           ; 0          ; 0    ; 0            ; 27 (27)      ; 13 (13)           ; 9 (9)            ; 20 (20)         ; 0 (0)      ; |manualAdder|counter_trigger:d1             ; counter_trigger    ; work         ;
;    |d_trigger:d2|            ; 2 (2)       ; 2            ; 0          ; 0    ; 0            ; 0 (0)        ; 0 (0)             ; 2 (2)            ; 0 (0)           ; 0 (0)      ; |manualAdder|d_trigger:d2                   ; d_trigger          ; work         ;
;    |d_trigger:d3|            ; 2 (2)       ; 2            ; 0          ; 0    ; 0            ; 0 (0)        ; 0 (0)             ; 2 (2)            ; 0 (0)           ; 0 (0)      ; |manualAdder|d_trigger:d3                   ; d_trigger          ; work         ;
;    |d_trigger:d4|            ; 2 (2)       ; 2            ; 0          ; 0    ; 0            ; 0 (0)        ; 0 (0)             ; 2 (2)            ; 0 (0)           ; 0 (0)      ; |manualAdder|d_trigger:d4                   ; d_trigger          ; work         ;
;    |d_trigger:d5|            ; 2 (2)       ; 2            ; 0          ; 0    ; 0            ; 0 (0)        ; 0 (0)             ; 2 (2)            ; 0 (0)           ; 0 (0)      ; |manualAdder|d_trigger:d5                   ; d_trigger          ; work         ;
;    |d_trigger:d6|            ; 1 (1)       ; 1            ; 0          ; 0    ; 0            ; 0 (0)        ; 0 (0)             ; 1 (1)            ; 0 (0)           ; 0 (0)      ; |manualAdder|d_trigger:d6                   ; d_trigger          ; work         ;
;    |output_transformer:out1| ; 36 (20)     ; 0            ; 0          ; 0    ; 0            ; 36 (20)      ; 0 (0)             ; 0 (0)            ; 0 (0)           ; 0 (0)      ; |manualAdder|output_transformer:out1        ; output_transformer ; work         ;
;       |ntl:n1|               ; 9 (9)       ; 0            ; 0          ; 0    ; 0            ; 9 (9)        ; 0 (0)             ; 0 (0)            ; 0 (0)           ; 0 (0)      ; |manualAdder|output_transformer:out1|ntl:n1 ; ntl                ; work         ;
;       |ntl:n2|               ; 7 (7)       ; 0            ; 0          ; 0    ; 0            ; 7 (7)        ; 0 (0)             ; 0 (0)            ; 0 (0)           ; 0 (0)      ; |manualAdder|output_transformer:out1|ntl:n2 ; ntl                ; work         ;
+------------------------------+-------------+--------------+------------+------+--------------+--------------+-------------------+------------------+-----------------+------------+---------------------------------------------+--------------------+--------------+
Note: For table entries with two numbers listed, the numbers in parentheses indicate the number of resources of the given type used by the specific entity alone. The numbers listed outside of parentheses indicate the total resources of the given type used by the specific entity and all of its sub-entities in the hierarchy.


+--------------------------------------------------------------------+
; Registers Removed During Synthesis                                 ;
+---------------------------------------+----------------------------+
; Register name                         ; Reason for Removal         ;
+---------------------------------------+----------------------------+
; d_trigger:d6|not_Q                    ; Merged with d_trigger:d6|Q ;
; Total Number of Removed Registers = 1 ;                            ;
+---------------------------------------+----------------------------+


+------------------------------------------------------+
; General Register Statistics                          ;
+----------------------------------------------+-------+
; Statistic                                    ; Value ;
+----------------------------------------------+-------+
; Total registers                              ; 32    ;
; Number of registers using Synchronous Clear  ; 0     ;
; Number of registers using Synchronous Load   ; 0     ;
; Number of registers using Asynchronous Clear ; 31    ;
; Number of registers using Asynchronous Load  ; 0     ;
; Number of registers using Clock Enable       ; 2     ;
; Number of registers using Preset             ; 0     ;
+----------------------------------------------+-------+


+--------------------------------------------------+
; Inverted Register Statistics                     ;
+----------------------------------------+---------+
; Inverted Register                      ; Fan out ;
+----------------------------------------+---------+
; d_trigger:d5|not_Q                     ; 3       ;
; d_trigger:d4|not_Q                     ; 4       ;
; d_trigger:d3|not_Q                     ; 4       ;
; d_trigger:d2|not_Q                     ; 4       ;
; counter_trigger:d1|not_Q               ; 4       ;
; Total number of inverted registers = 5 ;         ;
+----------------------------------------+---------+


+----------------------------------------------------------------------------------------------------------------------------------------------------------+
; Multiplexer Restructuring Statistics (Restructuring Performed)                                                                                           ;
+--------------------+-----------+---------------+----------------------+------------------------+------------+--------------------------------------------+
; Multiplexer Inputs ; Bus Width ; Baseline Area ; Area if Restructured ; Saving if Restructured ; Registered ; Example Multiplexer Output                 ;
+--------------------+-----------+---------------+----------------------+------------------------+------------+--------------------------------------------+
; 6:1                ; 2 bits    ; 8 LEs         ; 8 LEs                ; 0 LEs                  ; No         ; |manualAdder|output_transformer:out1|h1[0] ;
+--------------------+-----------+---------------+----------------------+------------------------+------------+--------------------------------------------+


+------------------------------------------------------------+
; Port Connectivity Checks: "output_transformer:out1|ntl:n1" ;
+------+-------+----------+----------------------------------+
; Port ; Type  ; Severity ; Details                          ;
+------+-------+----------+----------------------------------+
; n[3] ; Input ; Info     ; Stuck at GND                     ;
+------+-------+----------+----------------------------------+


+-------------------------------+
; Analysis & Synthesis Messages ;
+-------------------------------+
Info: *******************************************************************
Info: Running Quartus Prime Analysis & Synthesis
    Info: Version 19.1.0 Build 670 09/22/2019 SJ Lite Edition
    Info: Processing started: Fri Jun 09 01:43:48 2023
Info: Command: quartus_map --read_settings_files=on --write_settings_files=off manualAdder -c manualAdder
Warning (18236): Number of processors has not been specified which may cause overloading on shared machines.  Set the global assignment NUM_PARALLEL_PROCESSORS in your QSF to an appropriate value for best performance.
Info (20030): Parallel compilation is enabled and will use 14 of the 14 processors detected
Info (12021): Found 2 design units, including 1 entities, in source file manualadder.vhd
    Info (12022): Found design unit 1: manualAdder-bhv File: D:/GitHub/VHDL2023/manualAdder 2/manualAdder 2/manualAdder.vhd Line: 13
    Info (12023): Found entity 1: manualAdder File: D:/GitHub/VHDL2023/manualAdder 2/manualAdder 2/manualAdder.vhd Line: 6
Info (12021): Found 2 design units, including 1 entities, in source file d_trigger.vhd
    Info (12022): Found design unit 1: d_trigger-bhv File: D:/GitHub/VHDL2023/manualAdder 2/manualAdder 2/d_trigger.vhd Line: 13
    Info (12023): Found entity 1: d_trigger File: D:/GitHub/VHDL2023/manualAdder 2/manualAdder 2/d_trigger.vhd Line: 6
Info (12021): Found 2 design units, including 1 entities, in source file output_transformer.vhd
    Info (12022): Found design unit 1: output_transformer-bhv File: D:/GitHub/VHDL2023/manualAdder 2/manualAdder 2/output_transformer.vhd Line: 14
    Info (12023): Found entity 1: output_transformer File: D:/GitHub/VHDL2023/manualAdder 2/manualAdder 2/output_transformer.vhd Line: 6
Info (12021): Found 2 design units, including 1 entities, in source file ntl.vhd
    Info (12022): Found design unit 1: ntl-bhv File: D:/GitHub/VHDL2023/manualAdder 2/manualAdder 2/ntl.vhd Line: 13
    Info (12023): Found entity 1: ntl File: D:/GitHub/VHDL2023/manualAdder 2/manualAdder 2/ntl.vhd Line: 6
Info (12021): Found 2 design units, including 1 entities, in source file counter_trigger.vhd
    Info (12022): Found design unit 1: counter_trigger-bhv File: D:/GitHub/VHDL2023/manualAdder 2/manualAdder 2/counter_trigger.vhd Line: 13
    Info (12023): Found entity 1: counter_trigger File: D:/GitHub/VHDL2023/manualAdder 2/manualAdder 2/counter_trigger.vhd Line: 6
Info (12127): Elaborating entity "manualAdder" for the top level hierarchy
Warning (10492): VHDL Process Statement warning at manualAdder.vhd(42): signal "r" is read inside the Process Statement but isn't in the Process Statement's sensitivity list File: D:/GitHub/VHDL2023/manualAdder 2/manualAdder 2/manualAdder.vhd Line: 42
Info (12128): Elaborating entity "counter_trigger" for hierarchy "counter_trigger:d1" File: D:/GitHub/VHDL2023/manualAdder 2/manualAdder 2/manualAdder.vhd Line: 54
Info (12128): Elaborating entity "d_trigger" for hierarchy "d_trigger:d2" File: D:/GitHub/VHDL2023/manualAdder 2/manualAdder 2/manualAdder.vhd Line: 55
Info (12128): Elaborating entity "output_transformer" for hierarchy "output_transformer:out1" File: D:/GitHub/VHDL2023/manualAdder 2/manualAdder 2/manualAdder.vhd Line: 60
Warning (10492): VHDL Process Statement warning at output_transformer.vhd(49): signal "t1" is read inside the Process Statement but isn't in the Process Statement's sensitivity list File: D:/GitHub/VHDL2023/manualAdder 2/manualAdder 2/output_transformer.vhd Line: 49
Info (12128): Elaborating entity "ntl" for hierarchy "output_transformer:out1|ntl:n1" File: D:/GitHub/VHDL2023/manualAdder 2/manualAdder 2/output_transformer.vhd Line: 51
Info (18000): Registers with preset signals will power-up high File: D:/GitHub/VHDL2023/manualAdder 2/manualAdder 2/d_trigger.vhd Line: 9
Info (21057): Implemented 113 device resources after synthesis - the final resource count might be different
    Info (21058): Implemented 3 input pins
    Info (21059): Implemented 14 output pins
    Info (21061): Implemented 96 logic cells
Info: Quartus Prime Analysis & Synthesis was successful. 0 errors, 3 warnings
    Info: Peak virtual memory: 4764 megabytes
    Info: Processing ended: Fri Jun 09 01:43:54 2023
    Info: Elapsed time: 00:00:06
    Info: Total CPU time (on all processors): 00:00:06


